#
# There is insufficient memory for the Java Runtime Environment to continue.
# Native memory allocation (mmap) failed to map 44040192 bytes for committing reserved memory.
# Possible reasons:
#   The system is out of physical RAM or swap space
#   In 32 bit mode, the process size limit was hit
# Possible solutions:
#   Reduce memory load on the system
#   Increase physical memory or swap space
#   Check if swap backing store is full
#   Use 64 bit Java on a 64 bit OS
#   Decrease Java heap size (-Xmx/-Xms)
#   Decrease number of Java threads
#   Decrease Java thread stack sizes (-Xss)
#   Set larger code cache with -XX:ReservedCodeCacheSize=
# This output file may be truncated or incomplete.
#
#  Out of Memory Error (os_linux.cpp:2643), pid=16687, tid=0x00007f5774efe700
#
# JRE version: OpenJDK Runtime Environment (8.0_151-b12) (build 1.8.0_151-8u151-b12-0ubuntu0.17.10.2-b12)
# Java VM: OpenJDK 64-Bit Server VM (25.151-b12 mixed mode linux-amd64 compressed oops)
# Failed to write core dump. Core dumps have been disabled. To enable core dumping, try "ulimit -c unlimited" before starting Java again
#

---------------  T H R E A D  ---------------

Current thread (0x00007f578407a000):  VMThread [stack: 0x00007f5774dfe000,0x00007f5774eff000] [id=16695]

Stack: [0x00007f5774dfe000,0x00007f5774eff000],  sp=0x00007f5774efd490,  free space=1021k
Native frames: (J=compiled Java code, j=interpreted, Vv=VM code, C=native code)
V  [libjvm.so+0xaa61a2]
V  [libjvm.so+0x4d6d87]
V  [libjvm.so+0x8e2760]
V  [libjvm.so+0x8dcdce]
V  [libjvm.so+0x95cc36]
V  [libjvm.so+0x95dfa8]
V  [libjvm.so+0x95a5a6]
V  [libjvm.so+0x95a93c]
V  [libjvm.so+0x909488]
V  [libjvm.so+0xaa7e12]
V  [libjvm.so+0xaac8e6]
V  [libjvm.so+0xaaac65]
V  [libjvm.so+0xaab5dd]
V  [libjvm.so+0xaab9b7]
V  [libjvm.so+0x8dfcb2]

VM_Operation (0x00007f578dd85a80): ParallelGCFailedAllocation, mode: safepoint, requested by thread 0x00007f578400c800


---------------  P R O C E S S  ---------------

Java Threads: ( => current thread )
  0x00007f57840c3800 JavaThread "Service Thread" daemon [_thread_blocked, id=16702, stack(0x00007f576e0cd000,0x00007f576e1ce000)]
  0x00007f57840b4000 JavaThread "C1 CompilerThread2" daemon [_thread_blocked, id=16701, stack(0x00007f576e1ce000,0x00007f576e2cf000)]
  0x00007f57840b2800 JavaThread "C2 CompilerThread1" daemon [_thread_blocked, id=16700, stack(0x00007f576e2cf000,0x00007f576e3d0000)]
  0x00007f57840af800 JavaThread "C2 CompilerThread0" daemon [_thread_blocked, id=16699, stack(0x00007f5774030000,0x00007f5774131000)]
  0x00007f57840ad800 JavaThread "Signal Dispatcher" daemon [_thread_blocked, id=16698, stack(0x00007f5774131000,0x00007f5774232000)]
  0x00007f5784086800 JavaThread "Finalizer" daemon [_thread_blocked, id=16697, stack(0x00007f5774bfc000,0x00007f5774cfd000)]
  0x00007f5784082000 JavaThread "Reference Handler" daemon [_thread_blocked, id=16696, stack(0x00007f5774cfd000,0x00007f5774dfe000)]
  0x00007f578400c800 JavaThread "main" [_thread_blocked, id=16690, stack(0x00007f578dc87000,0x00007f578dd88000)]

Other Threads:
=>0x00007f578407a000 VMThread [stack: 0x00007f5774dfe000,0x00007f5774eff000] [id=16695]
  0x00007f57840c6000 WatcherThread [stack: 0x00007f576dfcc000,0x00007f576e0cd000] [id=16703]

VM state:at safepoint (normal execution)

VM Mutex/Monitor currently owned by a thread:  ([mutex/lock_event])
[0x00007f5784008ea0] Threads_lock - owner thread: 0x00007f578407a000
[0x00007f57840093a0] Heap_lock - owner thread: 0x00007f578400c800

Heap:
 PSYoungGen      total 32768K, used 2048K [0x00000000ed380000, 0x00000000ef580000, 0x0000000100000000)
  eden space 30720K, 0% used [0x00000000ed380000,0x00000000ed380000,0x00000000ef180000)
  from space 2048K, 100% used [0x00000000ef180000,0x00000000ef380000,0x00000000ef380000)
  to   space 2048K, 0% used [0x00000000ef380000,0x00000000ef380000,0x00000000ef580000)
 ParOldGen       total 39936K, used 11949K [0x00000000c7a00000, 0x00000000ca100000, 0x00000000ed380000)
  object space 39936K, 29% used [0x00000000c7a00000,0x00000000c85ab4d0,0x00000000ca100000)
 Metaspace       used 15309K, capacity 15624K, committed 15744K, reserved 1062912K
  class space    used 1713K, capacity 1816K, committed 1920K, reserved 1048576K

Card table byte_map: [0x00007f578a0ce000,0x00007f578a292000] byte_map_base: 0x00007f5789a91000

Marking Bits: (ParMarkBitMap*) 0x00007f578cf320e0
 Begin Bits: [0x00007f576e3d0000, 0x00007f576f1e8000)
 End Bits:   [0x00007f576f1e8000, 0x00007f5770000000)

Polling page: 0x00007f578dda1000

CodeCache: size=245760Kb used=6515Kb max_used=6515Kb free=239244Kb
 bounds [0x00007f5775000000, 0x00007f5775670000, 0x00007f5784000000]
 total_blobs=2259 nmethods=1899 adapters=274
 compilation: enabled

Compilation events (10 events):
Event: 2.538 Thread 0x00007f57840b4000 nmethod 1901 0x00007f577565b310 code [0x00007f577565b4a0, 0x00007f577565b838]
Event: 2.538 Thread 0x00007f57840b4000 1902   !   3       java.nio.ByteBuffer::wrap (20 bytes)
Event: 2.539 Thread 0x00007f57840b4000 nmethod 1902 0x00007f577565ba90 code [0x00007f577565bc20, 0x00007f577565bf58]
Event: 2.539 Thread 0x00007f57840b4000 1903       3       java.nio.HeapByteBuffer::<init> (14 bytes)
Event: 2.539 Thread 0x00007f57840b4000 nmethod 1903 0x00007f577565c190 code [0x00007f577565c300, 0x00007f577565c4a8]
Event: 2.539 Thread 0x00007f57840b4000 1905       3       org.apache.tools.ant.taskdefs.Zip::addParentDirs (178 bytes)
Event: 2.542 Thread 0x00007f57840b4000 nmethod 1905 0x00007f577565c590 code [0x00007f577565c980, 0x00007f577565f568]
Event: 2.542 Thread 0x00007f57840b4000 1904       3       org.apache.tools.zip.ZipOutputStream::writeLocalFileHeader (101 bytes)
Event: 2.544 Thread 0x00007f57840b4000 nmethod 1904 0x00007f5775660c90 code [0x00007f5775660f80, 0x00007f57756622c8]
Event: 2.544 Thread 0x00007f57840b4000 1906       3       org.apache.tools.ant.taskdefs.Zip::getUnixMode (69 bytes)

GC Heap History (9 events):
Event: 0.638 GC heap before
{Heap before GC invocations=1 (full 0):
 PSYoungGen      total 17408K, used 15360K [0x00000000ed380000, 0x00000000ee680000, 0x0000000100000000)
  eden space 15360K, 100% used [0x00000000ed380000,0x00000000ee280000,0x00000000ee280000)
  from space 2048K, 0% used [0x00000000ee480000,0x00000000ee480000,0x00000000ee680000)
  to   space 2048K, 0% used [0x00000000ee280000,0x00000000ee280000,0x00000000ee480000)
 ParOldGen       total 39936K, used 0K [0x00000000c7a00000, 0x00000000ca100000, 0x00000000ed380000)
  object space 39936K, 0% used [0x00000000c7a00000,0x00000000c7a00000,0x00000000ca100000)
 Metaspace       used 5552K, capacity 5642K, committed 5760K, reserved 1056768K
  class space    used 580K, capacity 625K, committed 640K, reserved 1048576K
Event: 0.643 GC heap after
Heap after GC invocations=1 (full 0):
 PSYoungGen      total 17408K, used 2016K [0x00000000ed380000, 0x00000000ee680000, 0x0000000100000000)
  eden space 15360K, 0% used [0x00000000ed380000,0x00000000ed380000,0x00000000ee280000)
  from space 2048K, 98% used [0x00000000ee280000,0x00000000ee478040,0x00000000ee480000)
  to   space 2048K, 0% used [0x00000000ee480000,0x00000000ee480000,0x00000000ee680000)
 ParOldGen       total 39936K, used 1267K [0x00000000c7a00000, 0x00000000ca100000, 0x00000000ed380000)
  object space 39936K, 3% used [0x00000000c7a00000,0x00000000c7b3cd78,0x00000000ca100000)
 Metaspace       used 5552K, capacity 5642K, committed 5760K, reserved 1056768K
  class space    used 580K, capacity 625K, committed 640K, reserved 1048576K
}
Event: 1.086 GC heap before
{Heap before GC invocations=2 (full 0):
 PSYoungGen      total 17408K, used 17370K [0x00000000ed380000, 0x00000000ee680000, 0x0000000100000000)
  eden space 15360K, 99% used [0x00000000ed380000,0x00000000ee27e7c0,0x00000000ee280000)
  from space 2048K, 98% used [0x00000000ee280000,0x00000000ee478040,0x00000000ee480000)
  to   space 2048K, 0% used [0x00000000ee480000,0x00000000ee480000,0x00000000ee680000)
 ParOldGen       total 39936K, used 1267K [0x00000000c7a00000, 0x00000000ca100000, 0x00000000ed380000)
  object space 39936K, 3% used [0x00000000c7a00000,0x00000000c7b3cd78,0x00000000ca100000)
 Metaspace       used 8643K, capacity 8824K, committed 8960K, reserved 1056768K
  class space    used 898K, capacity 998K, committed 1024K, reserved 1048576K
Event: 1.092 GC heap after
Heap after GC invocations=2 (full 0):
 PSYoungGen      total 17408K, used 2019K [0x00000000ed380000, 0x00000000ef580000, 0x0000000100000000)
  eden space 15360K, 0% used [0x00000000ed380000,0x00000000ed380000,0x00000000ee280000)
  from space 2048K, 98% used [0x00000000ee480000,0x00000000ee678e00,0x00000000ee680000)
  to   space 2048K, 0% used [0x00000000ee280000,0x00000000ee280000,0x00000000ee480000)
 ParOldGen       total 39936K, used 4192K [0x00000000c7a00000, 0x00000000ca100000, 0x00000000ed380000)
  object space 39936K, 10% used [0x00000000c7a00000,0x00000000c7e18298,0x00000000ca100000)
 Metaspace       used 8643K, capacity 8824K, committed 8960K, reserved 1056768K
  class space    used 898K, capacity 998K, committed 1024K, reserved 1048576K
}
Event: 1.430 GC heap before
{Heap before GC invocations=3 (full 0):
 PSYoungGen      total 17408K, used 17379K [0x00000000ed380000, 0x00000000ef580000, 0x0000000100000000)
  eden space 15360K, 100% used [0x00000000ed380000,0x00000000ee280000,0x00000000ee280000)
  from space 2048K, 98% used [0x00000000ee480000,0x00000000ee678e00,0x00000000ee680000)
  to   space 2048K, 0% used [0x00000000ee280000,0x00000000ee280000,0x00000000ee480000)
 ParOldGen       total 39936K, used 4192K [0x00000000c7a00000, 0x00000000ca100000, 0x00000000ed380000)
  object space 39936K, 10% used [0x00000000c7a00000,0x00000000c7e18298,0x00000000ca100000)
 Metaspace       used 10815K, capacity 11010K, committed 11264K, reserved 1058816K
  class space    used 1185K, capacity 1239K, committed 1280K, reserved 1048576K
Event: 1.436 GC heap after
Heap after GC invocations=3 (full 0):
 PSYoungGen      total 17408K, used 2019K [0x00000000ed380000, 0x00000000ef580000, 0x0000000100000000)
  eden space 15360K, 0% used [0x00000000ed380000,0x00000000ed380000,0x00000000ee280000)
  from space 2048K, 98% used [0x00000000ee280000,0x00000000ee478e00,0x00000000ee480000)
  to   space 2048K, 0% used [0x00000000ef380000,0x00000000ef380000,0x00000000ef580000)
 ParOldGen       total 39936K, used 5613K [0x00000000c7a00000, 0x00000000ca100000, 0x00000000ed380000)
  object space 39936K, 14% used [0x00000000c7a00000,0x00000000c7f7b570,0x00000000ca100000)
 Metaspace       used 10815K, capacity 11010K, committed 11264K, reserved 1058816K
  class space    used 1185K, capacity 1239K, committed 1280K, reserved 1048576K
}
Event: 1.689 GC heap before
{Heap before GC invocations=4 (full 0):
 PSYoungGen      total 17408K, used 17379K [0x00000000ed380000, 0x00000000ef580000, 0x0000000100000000)
  eden space 15360K, 100% used [0x00000000ed380000,0x00000000ee280000,0x00000000ee280000)
  from space 2048K, 98% used [0x00000000ee280000,0x00000000ee478e00,0x00000000ee480000)
  to   space 2048K, 0% used [0x00000000ef380000,0x00000000ef380000,0x00000000ef580000)
 ParOldGen       total 39936K, used 5613K [0x00000000c7a00000, 0x00000000ca100000, 0x00000000ed380000)
  object space 39936K, 14% used [0x00000000c7a00000,0x00000000c7f7b570,0x00000000ca100000)
 Metaspace       used 13432K, capacity 13666K, committed 13952K, reserved 1060864K
  class space    used 1526K, capacity 1591K, committed 1664K, reserved 1048576K
Event: 1.695 GC heap after
Heap after GC invocations=4 (full 0):
 PSYoungGen      total 32768K, used 2048K [0x00000000ed380000, 0x00000000ef580000, 0x0000000100000000)
  eden space 30720K, 0% used [0x00000000ed380000,0x00000000ed380000,0x00000000ef180000)
  from space 2048K, 100% used [0x00000000ef380000,0x00000000ef580000,0x00000000ef580000)
  to   space 2048K, 0% used [0x00000000ef180000,0x00000000ef180000,0x00000000ef380000)
 ParOldGen       total 39936K, used 6255K [0x00000000c7a00000, 0x00000000ca100000, 0x00000000ed380000)
  object space 39936K, 15% used [0x00000000c7a00000,0x00000000c801bd80,0x00000000ca100000)
 Metaspace       used 13432K, capacity 13666K, committed 13952K, reserved 1060864K
  class space    used 1526K, capacity 1591K, committed 1664K, reserved 1048576K
}
Event: 2.550 GC heap before
{Heap before GC invocations=5 (full 0):
 PSYoungGen      total 32768K, used 32768K [0x00000000ed380000, 0x00000000ef580000, 0x0000000100000000)
  eden space 30720K, 100% used [0x00000000ed380000,0x00000000ef180000,0x00000000ef180000)
  from space 2048K, 100% used [0x00000000ef380000,0x00000000ef580000,0x00000000ef580000)
  to   space 2048K, 0% used [0x00000000ef180000,0x00000000ef180000,0x00000000ef380000)
 ParOldGen       total 39936K, used 6255K [0x00000000c7a00000, 0x00000000ca100000, 0x00000000ed380000)
  object space 39936K, 15% used [0x00000000c7a00000,0x00000000c801bd80,0x00000000ca100000)
 Metaspace       used 15309K, capacity 15624K, committed 15744K, reserved 1062912K
  class space    used 1713K, capacity 1816K, committed 1920K, reserved 1048576K

Deoptimization events (10 events):
Event: 1.647 Thread 0x00007f578400c800 Uncommon trap: reason=class_check action=maybe_recompile pc=0x00007f57752e217c method=java.util.Collections$UnmodifiableCollection$1.next()Ljava/lang/Object; @ 4
Event: 1.653 Thread 0x00007f578400c800 Uncommon trap: reason=class_check action=maybe_recompile pc=0x00007f5775203980 method=sun.misc.URLClassPath.getLoader(I)Lsun/misc/URLClassPath$Loader; @ 94
Event: 1.716 Thread 0x00007f578400c800 Uncommon trap: reason=class_check action=maybe_recompile pc=0x00007f5775369c78 method=java.util.Collections$UnmodifiableCollection$1.<init>(Ljava/util/Collections$UnmodifiableCollection;)V @ 17
Event: 1.812 Thread 0x00007f578400c800 Uncommon trap: reason=class_check action=maybe_recompile pc=0x00007f5775369c78 method=java.util.Collections$UnmodifiableCollection$1.<init>(Ljava/util/Collections$UnmodifiableCollection;)V @ 17
Event: 1.873 Thread 0x00007f578400c800 Uncommon trap: reason=unstable_if action=reinterpret pc=0x00007f577549a9ac method=com.sun.tools.javac.util.Name$Table.equals([BI[BII)Z @ 22
Event: 1.979 Thread 0x00007f578400c800 Uncommon trap: reason=class_check action=maybe_recompile pc=0x00007f57753d9954 method=java.util.HashMap.putVal(ILjava/lang/Object;Ljava/lang/Object;ZZ)Ljava/lang/Object; @ 253
Event: 1.981 Thread 0x00007f578400c800 Uncommon trap: reason=class_check action=maybe_recompile pc=0x00007f57753d9954 method=java.util.HashMap.putVal(ILjava/lang/Object;Ljava/lang/Object;ZZ)Ljava/lang/Object; @ 253
Event: 2.104 Thread 0x00007f578400c800 Uncommon trap: reason=unstable_if action=reinterpret pc=0x00007f57754d4e38 method=com.sun.tools.javac.code.Scope.getIndex(Lcom/sun/tools/javac/util/Name;)I @ 60
Event: 2.249 Thread 0x00007f578400c800 Uncommon trap: reason=unstable_if action=reinterpret pc=0x00007f5775296f20 method=java.util.Date.normalize()Lsun/util/calendar/BaseCalendar$Date; @ 45
Event: 2.407 Thread 0x00007f578400c800 Uncommon trap: reason=unstable_if action=reinterpret pc=0x00007f57754b7b14 method=java.lang.String.lastIndexOf([CII[CIII)I @ 17

Internal exceptions (10 events):
Event: 0.480 Thread 0x00007f578400c800 Exception <a 'java/security/PrivilegedActionException'> (0x00000000edba1748) thrown at [/build/openjdk-8-bnv6fG/openjdk-8-8u151-b12/src/hotspot/src/share/vm/prims/jvm.cpp, line 1390]
Event: 1.075 Thread 0x00007f578400c800 Exception <a 'java/lang/ClassNotFoundException': org/apache/tools/ant/AntClassLoader> (0x00000000ee1bd290) thrown at [/build/openjdk-8-bnv6fG/openjdk-8-8u151-b12/src/hotspot/src/share/vm/classfile/systemDictionary.cpp, line 210]
Event: 1.077 Thread 0x00007f578400c800 Exception <a 'java/lang/ClassNotFoundException': org/apache/tools/ant/AntClassLoader> (0x00000000ee1ccf58) thrown at [/build/openjdk-8-bnv6fG/openjdk-8-8u151-b12/src/hotspot/src/share/vm/classfile/systemDictionary.cpp, line 210]
Event: 1.078 Thread 0x00007f578400c800 Exception <a 'java/lang/ClassNotFoundException': org/apache/tools/ant/AntClassLoader> (0x00000000ee1d19a8) thrown at [/build/openjdk-8-bnv6fG/openjdk-8-8u151-b12/src/hotspot/src/share/vm/classfile/systemDictionary.cpp, line 210]
Event: 1.078 Thread 0x00007f578400c800 Exception <a 'java/lang/ClassNotFoundException': org/apache/tools/ant/AntClassLoader> (0x00000000ee1d2138) thrown at [/build/openjdk-8-bnv6fG/openjdk-8-8u151-b12/src/hotspot/src/share/vm/classfile/systemDictionary.cpp, line 210]
Event: 1.078 Thread 0x00007f578400c800 Exception <a 'java/lang/ClassNotFoundException': org/apache/tools/ant/AntClassLoader> (0x00000000ee1d37f0) thrown at [/build/openjdk-8-bnv6fG/openjdk-8-8u151-b12/src/hotspot/src/share/vm/classfile/systemDictionary.cpp, line 210]
Event: 1.143 Thread 0x00007f578400c800 Exception <a 'java/io/FileNotFoundException'> (0x00000000ed71aff8) thrown at [/build/openjdk-8-bnv6fG/openjdk-8-8u151-b12/src/hotspot/src/share/vm/prims/jni.cpp, line 709]
Event: 1.793 Thread 0x00007f578400c800 Exception <a 'java/io/FileNotFoundException'> (0x00000000ed8941e8) thrown at [/build/openjdk-8-bnv6fG/openjdk-8-8u151-b12/src/hotspot/src/share/vm/prims/jni.cpp, line 709]
Event: 1.798 Thread 0x00007f578400c800 Exception <a 'java/io/FileNotFoundException'> (0x00000000ed8bdf78) thrown at [/build/openjdk-8-bnv6fG/openjdk-8-8u151-b12/src/hotspot/src/share/vm/prims/jni.cpp, line 709]
Event: 1.799 Thread 0x00007f578400c800 Exception <a 'java/io/FileNotFoundException'> (0x00000000ed8bea58) thrown at [/build/openjdk-8-bnv6fG/openjdk-8-8u151-b12/src/hotspot/src/share/vm/prims/jni.cpp, line 709]

Events (10 events):
Event: 2.373 loading class org/apache/tools/ant/util/CollectionUtils$1
Event: 2.373 loading class org/apache/tools/ant/util/CollectionUtils$1 done
Event: 2.374 loading class org/apache/tools/zip/ZipOutputStream$CurrentEntry
Event: 2.374 loading class org/apache/tools/zip/ZipOutputStream$CurrentEntry done
Event: 2.376 loading class java/lang/Long$LongCache
Event: 2.378 loading class java/lang/Long$LongCache done
Event: 2.406 Thread 0x00007f578400c800 Uncommon trap: trap_request=0xffffff65 fr.pc=0x00007f57754b7b14
Event: 2.407 Thread 0x00007f578400c800 DEOPT PACKING pc=0x00007f57754b7b14 sp=0x00007f578dd85e70
Event: 2.407 Thread 0x00007f578400c800 DEOPT UNPACKING pc=0x00007f5775004f69 sp=0x00007f578dd85de8 mode 2
Event: 2.545 Executing VM operation: ParallelGCFailedAllocation


Dynamic libraries:
c7a00000-ca100000 rw-p 00000000 00:00 0 
ca100000-ed380000 ---p 00000000 00:00 0 
ed380000-ef580000 rw-p 00000000 00:00 0 
f1f80000-100000000 ---p 00000000 00:00 0 
100000000-1001e0000 rw-p 00000000 00:00 0 
1001e0000-140000000 ---p 00000000 00:00 0 
557daf0ac000-557daf0ad000 r-xp 00000000 08:01 806924                     /usr/lib/jvm/java-8-openjdk-amd64/jre/bin/java
557daf2ac000-557daf2ad000 r--p 00000000 08:01 806924                     /usr/lib/jvm/java-8-openjdk-amd64/jre/bin/java
557daf2ad000-557daf2ae000 rw-p 00001000 08:01 806924                     /usr/lib/jvm/java-8-openjdk-amd64/jre/bin/java
557dafe29000-557dafe4a000 rw-p 00000000 00:00 0                          [heap]
7f5738000000-7f5738021000 rw-p 00000000 00:00 0 
7f5738021000-7f573c000000 ---p 00000000 00:00 0 
7f5740000000-7f57403c7000 rw-p 00000000 00:00 0 
7f57403c7000-7f5744000000 ---p 00000000 00:00 0 
7f5744000000-7f5744021000 rw-p 00000000 00:00 0 
7f5744021000-7f5748000000 ---p 00000000 00:00 0 
7f5748000000-7f5748755000 rw-p 00000000 00:00 0 
7f5748755000-7f574c000000 ---p 00000000 00:00 0 
7f574c000000-7f574c410000 rw-p 00000000 00:00 0 
7f574c410000-7f5750000000 ---p 00000000 00:00 0 
7f5750000000-7f5750021000 rw-p 00000000 00:00 0 
7f5750021000-7f5754000000 ---p 00000000 00:00 0 
7f5754000000-7f5754021000 rw-p 00000000 00:00 0 
7f5754021000-7f5758000000 ---p 00000000 00:00 0 
7f5758000000-7f5758021000 rw-p 00000000 00:00 0 
7f5758021000-7f575c000000 ---p 00000000 00:00 0 
7f575c000000-7f575c021000 rw-p 00000000 00:00 0 
7f575c021000-7f5760000000 ---p 00000000 00:00 0 
7f5760000000-7f5760021000 rw-p 00000000 00:00 0 
7f5760021000-7f5764000000 ---p 00000000 00:00 0 
7f5764000000-7f5764021000 rw-p 00000000 00:00 0 
7f5764021000-7f5768000000 ---p 00000000 00:00 0 
7f5768000000-7f5768021000 rw-p 00000000 00:00 0 
7f5768021000-7f576c000000 ---p 00000000 00:00 0 
7f576d528000-7f576d539000 r-xp 00000000 08:01 806963                     /usr/lib/jvm/java-8-openjdk-amd64/jre/lib/amd64/libnio.so
7f576d539000-7f576d739000 ---p 00011000 08:01 806963                     /usr/lib/jvm/java-8-openjdk-amd64/jre/lib/amd64/libnio.so
7f576d739000-7f576d73a000 r--p 00011000 08:01 806963                     /usr/lib/jvm/java-8-openjdk-amd64/jre/lib/amd64/libnio.so
7f576d73a000-7f576d73b000 rw-p 00012000 08:01 806963                     /usr/lib/jvm/java-8-openjdk-amd64/jre/lib/amd64/libnio.so
7f576d73b000-7f576d8bb000 rw-p 00000000 00:00 0 
7f576d8bb000-7f576d93b000 ---p 00000000 00:00 0 
7f576d93b000-7f576db3b000 rw-p 00000000 00:00 0 
7f576db3b000-7f576dd3b000 rw-p 00000000 00:00 0 
7f576dd3b000-7f576dd52000 r-xp 00000000 08:01 806962                     /usr/lib/jvm/java-8-openjdk-amd64/jre/lib/amd64/libnet.so
7f576dd52000-7f576df51000 ---p 00017000 08:01 806962                     /usr/lib/jvm/java-8-openjdk-amd64/jre/lib/amd64/libnet.so
7f576df51000-7f576df52000 r--p 00016000 08:01 806962                     /usr/lib/jvm/java-8-openjdk-amd64/jre/lib/amd64/libnet.so
7f576df52000-7f576df53000 rw-p 00017000 08:01 806962                     /usr/lib/jvm/java-8-openjdk-amd64/jre/lib/amd64/libnet.so
7f576df53000-7f576dfcc000 r--s 010fe000 08:01 807302                     /usr/lib/jvm/java-8-openjdk-amd64/lib/tools.jar
7f576dfcc000-7f576dfcd000 ---p 00000000 00:00 0 
7f576dfcd000-7f576e0cd000 rw-p 00000000 00:00 0 
7f576e0cd000-7f576e0d0000 ---p 00000000 00:00 0 
7f576e0d0000-7f576e1ce000 rw-p 00000000 00:00 0 
7f576e1ce000-7f576e1d1000 ---p 00000000 00:00 0 
7f576e1d1000-7f576e2cf000 rw-p 00000000 00:00 0 
7f576e2cf000-7f576e2d2000 ---p 00000000 00:00 0 
7f576e2d2000-7f5770000000 rw-p 00000000 00:00 0 
7f5770000000-7f5770021000 rw-p 00000000 00:00 0 
7f5770021000-7f5774000000 ---p 00000000 00:00 0 
7f5774021000-7f5774028000 r--s 0003f000 08:01 1839578                    /home/alex/wpilib/java/current/ant/commons-codec-1.10.jar
7f5774028000-7f5774030000 r--s 00048000 08:01 1839582                    /home/alex/wpilib/java/current/ant/httpcore-4.4.6.jar
7f5774030000-7f5774033000 ---p 00000000 00:00 0 
7f5774033000-7f5774131000 rw-p 00000000 00:00 0 
7f5774131000-7f5774134000 ---p 00000000 00:00 0 
7f5774134000-7f5774232000 rw-p 00000000 00:00 0 
7f5774232000-7f5774bfc000 r--p 00000000 08:01 791816                     /usr/lib/locale/locale-archive
7f5774bfc000-7f5774bff000 ---p 00000000 00:00 0 
7f5774bff000-7f5774cfd000 rw-p 00000000 00:00 0 
7f5774cfd000-7f5774d00000 ---p 00000000 00:00 0 
7f5774d00000-7f5774dfe000 rw-p 00000000 00:00 0 
7f5774dfe000-7f5774dff000 ---p 00000000 00:00 0 
7f5774dff000-7f5775000000 rw-p 00000000 00:00 0 
7f5775000000-7f5775670000 rwxp 00000000 00:00 0 
7f5775670000-7f5784000000 ---p 00000000 00:00 0 
7f5784000000-7f578479a000 rw-p 00000000 00:00 0 
7f578479a000-7f5788000000 ---p 00000000 00:00 0 
7f5788000000-7f5788002000 r--s 0000e000 08:01 1839579                    /home/alex/wpilib/java/current/ant/commons-logging-1.2.jar
7f5788002000-7f578800f000 r--s 000aa000 08:01 1839581                    /home/alex/wpilib/java/current/ant/httpclient-4.5.3.jar
7f578800f000-7f5788010000 r--s 00002000 08:01 1839585                    /home/alex/wpilib/java/current/ant/roborio-ant-tasks-1.1.jar
7f5788010000-7f5788014000 r--s 0001d000 08:01 1839588                    /home/alex/wpilib/java/current/ant/sardine-5.8-SNAPSHOT.jar
7f5788014000-7f5788018000 r--s 00039000 08:01 1839583                    /home/alex/wpilib/java/current/ant/jsch-0.1.50.jar
7f5788018000-7f578801b000 r--s 0000f000 08:01 1839574                    /home/alex/wpilib/java/current/ant/ant-classloadertask.jar
7f578801b000-7f578801f000 r--s 0002c000 08:01 1839575                    /home/alex/wpilib/java/current/ant/ant-contrib.jar
7f578801f000-7f5788031000 r--s 00277000 08:01 1602061                    /home/alex/eclipse/plugins/org.eclipse.swt.gtk.linux.x86_64_3.106.2.v20171129-0543.jar
7f5788031000-7f5788032000 r--s 00002000 08:01 659728                     /home/alex/eclipse/configuration/org.eclipse.osgi/69/0/.cp/lib/remoteAnt.jar
7f5788032000-7f5788035000 r--s 00015000 08:01 807005                     /usr/lib/jvm/java-8-openjdk-amd64/jre/lib/jce.jar
7f5788035000-7f578803a000 r--s 0009a000 08:01 807007                     /usr/lib/jvm/java-8-openjdk-amd64/jre/lib/jsse.jar
7f578803a000-7f578803c000 r--s 00009000 08:01 659725                     /home/alex/eclipse/configuration/org.eclipse.osgi/68/0/.cp/lib/remote.jar
7f578803c000-7f578803d000 r--s 00002000 08:01 659724                     /home/alex/eclipse/configuration/org.eclipse.osgi/68/0/.cp/lib/antdebug.jar
7f578803d000-7f578805c000 r--s 0020f000 08:01 534583                     /home/alex/eclipse/plugins/org.apache.ant_1.10.1.v20170504-0840/lib/ant.jar
7f578805c000-7f578805d000 r--s 00008000 08:01 534582                     /home/alex/eclipse/plugins/org.apache.ant_1.10.1.v20170504-0840/lib/ant-testutil.jar
7f578805d000-7f578805e000 r--s 00004000 08:01 534581                     /home/alex/eclipse/plugins/org.apache.ant_1.10.1.v20170504-0840/lib/ant-swing.jar
7f578805e000-7f578805f000 r--s 00005000 08:01 534580                     /home/alex/eclipse/plugins/org.apache.ant_1.10.1.v20170504-0840/lib/ant-netrexx.jar
7f578805f000-7f5788061000 r--s 00005000 08:01 534579                     /home/alex/eclipse/plugins/org.apache.ant_1.10.1.v20170504-0840/lib/ant-launcher.jar
7f5788061000-7f5788062000 r--s 00004000 08:01 534578                     /home/alex/eclipse/plugins/org.apache.ant_1.10.1.v20170504-0840/lib/ant-junit4.jar
7f5788062000-7f5788065000 r--s 0001f000 08:01 534577                     /home/alex/eclipse/plugins/org.apache.ant_1.10.1.v20170504-0840/lib/ant-junit.jar
7f5788065000-7f5788067000 r--s 0000d000 08:01 534576                     /home/alex/eclipse/plugins/org.apache.ant_1.10.1.v20170504-0840/lib/ant-jsch.jar
7f5788067000-7f5788068000 r--s 00004000 08:01 534575                     /home/alex/eclipse/plugins/org.apache.ant_1.10.1.v20170504-0840/lib/ant-jmf.jar
7f5788068000-7f5788069000 r--s 00004000 08:01 534574                     /home/alex/eclipse/plugins/org.apache.ant_1.10.1.v20170504-0840/lib/ant-jdepend.jar
7f5788069000-7f578806a000 r--s 00004000 08:01 534573                     /home/alex/eclipse/plugins/org.apache.ant_1.10.1.v20170504-0840/lib/ant-javamail.jar
7f578806a000-7f578806b000 r--s 00008000 08:01 534572                     /home/alex/eclipse/plugins/org.apache.ant_1.10.1.v20170504-0840/lib/ant-jai.jar
7f578806b000-7f578806d000 r--s 00018000 08:01 534571                     /home/alex/eclipse/plugins/org.apache.ant_1.10.1.v20170504-0840/lib/ant-commons-net.jar
7f578806d000-7f578806e000 r--s 00003000 08:01 534570                     /home/alex/eclipse/plugins/org.apache.ant_1.10.1.v20170504-0840/lib/ant-commons-logging.jar
7f578806e000-7f578806f000 r--s 00003000 08:01 534569                     /home/alex/eclipse/plugins/org.apache.ant_1.10.1.v20170504-0840/lib/ant-apache-xalan2.jar
7f578806f000-7f5788070000 r--s 00003000 08:01 534568                     /home/alex/eclipse/plugins/org.apache.ant_1.10.1.v20170504-0840/lib/ant-apache-resolver.jar
7f5788070000-7f5788071000 r--s 00003000 08:01 534567                     /home/alex/eclipse/plugins/org.apache.ant_1.10.1.v20170504-0840/lib/ant-apache-regexp.jar
7f5788071000-7f5788072000 r--s 00003000 08:01 534566                     /home/alex/eclipse/plugins/org.apache.ant_1.10.1.v20170504-0840/lib/ant-apache-oro.jar
7f5788072000-7f5788073000 r--s 00003000 08:01 534565                     /home/alex/eclipse/plugins/org.apache.ant_1.10.1.v20170504-0840/lib/ant-apache-log4j.jar
7f5788073000-7f5788074000 r--s 00003000 08:01 534564                     /home/alex/eclipse/plugins/org.apache.ant_1.10.1.v20170504-0840/lib/ant-apache-bsf.jar
7f5788074000-7f5788076000 r--s 00004000 08:01 534563                     /home/alex/eclipse/plugins/org.apache.ant_1.10.1.v20170504-0840/lib/ant-apache-bcel.jar
7f5788076000-7f5788077000 r--s 00004000 08:01 534562                     /home/alex/eclipse/plugins/org.apache.ant_1.10.1.v20170504-0840/lib/ant-antlr.jar
7f5788077000-7f578807c000 r--s 002f9000 08:01 806974                     /usr/lib/jvm/java-8-openjdk-amd64/jre/lib/charsets.jar
7f578807c000-7f578807f000 r--s 00015000 08:01 807005                     /usr/lib/jvm/java-8-openjdk-amd64/jre/lib/jce.jar
7f578807f000-7f5788084000 r--s 0009a000 08:01 807007                     /usr/lib/jvm/java-8-openjdk-amd64/jre/lib/jsse.jar
7f5788084000-7f5788097000 r--s 00346000 08:01 807012                     /usr/lib/jvm/java-8-openjdk-amd64/jre/lib/resources.jar
7f5788097000-7f578809a000 r--s 0000f000 08:01 806986                     /usr/lib/jvm/java-8-openjdk-amd64/jre/lib/ext/icedtea-sound.jar
7f578809a000-7f578809c000 r--s 00001000 08:01 806985                     /usr/lib/jvm/java-8-openjdk-amd64/jre/lib/ext/dnsns.jar
7f578809c000-7f57880b7000 r--s 00394000 08:01 806984                     /usr/lib/jvm/java-8-openjdk-amd64/jre/lib/ext/cldrdata.jar
7f57880b7000-7f57880b9000 r--s 00008000 08:01 806990                     /usr/lib/jvm/java-8-openjdk-amd64/jre/lib/ext/sunec.jar
7f57880b9000-7f57880bb000 r--s 00007000 08:01 1066215                    /usr/share/java/java-atk-wrapper.jar
7f57880bb000-7f57880d6000 r--s 001d6000 08:01 806989                     /usr/lib/jvm/java-8-openjdk-amd64/jre/lib/ext/nashorn.jar
7f57880d6000-7f5788f95000 rw-p 00000000 00:00 0 
7f5788f95000-7f5789164000 r--s 03c21000 08:01 807013                     /usr/lib/jvm/java-8-openjdk-amd64/jre/lib/rt.jar
7f5789164000-7f5789b9d000 rw-p 00000000 00:00 0 
7f5789b9d000-7f5789b9e000 ---p 00000000 00:00 0 
7f5789b9e000-7f5789c9e000 rw-p 00000000 00:00 0 
7f5789c9e000-7f5789c9f000 ---p 00000000 00:00 0 
7f5789c9f000-7f5789d9f000 rw-p 00000000 00:00 0 
7f5789d9f000-7f5789da0000 ---p 00000000 00:00 0 
7f5789da0000-7f5789ea0000 rw-p 00000000 00:00 0 
7f5789ea0000-7f5789ea1000 ---p 00000000 00:00 0 
7f5789ea1000-7f5789fb5000 rw-p 00000000 00:00 0 
7f5789fb5000-7f578a0ce000 ---p 00000000 00:00 0 
7f578a0ce000-7f578a0e2000 rw-p 00000000 00:00 0 
7f578a0e2000-7f578a1fa000 ---p 00000000 00:00 0 
7f578a1fa000-7f578a20c000 rw-p 00000000 00:00 0 
7f578a20c000-7f578a291000 ---p 00000000 00:00 0 
7f578a291000-7f578a2ac000 rw-p 00000000 00:00 0 
7f578a2ac000-7f578a652000 ---p 00000000 00:00 0 
7f578a652000-7f578a65a000 r-xp 00000000 08:01 806970                     /usr/lib/jvm/java-8-openjdk-amd64/jre/lib/amd64/libzip.so
7f578a65a000-7f578a859000 ---p 00008000 08:01 806970                     /usr/lib/jvm/java-8-openjdk-amd64/jre/lib/amd64/libzip.so
7f578a859000-7f578a85a000 r--p 00007000 08:01 806970                     /usr/lib/jvm/java-8-openjdk-amd64/jre/lib/amd64/libzip.so
7f578a85a000-7f578a85b000 rw-p 00008000 08:01 806970                     /usr/lib/jvm/java-8-openjdk-amd64/jre/lib/amd64/libzip.so
7f578a85b000-7f578a866000 r-xp 00000000 08:01 398117                     /lib/x86_64-linux-gnu/libnss_files-2.26.so
7f578a866000-7f578aa65000 ---p 0000b000 08:01 398117                     /lib/x86_64-linux-gnu/libnss_files-2.26.so
7f578aa65000-7f578aa66000 r--p 0000a000 08:01 398117                     /lib/x86_64-linux-gnu/libnss_files-2.26.so
7f578aa66000-7f578aa67000 rw-p 0000b000 08:01 398117                     /lib/x86_64-linux-gnu/libnss_files-2.26.so
7f578aa67000-7f578aa6d000 rw-p 00000000 00:00 0 
7f578aa6d000-7f578aa78000 r-xp 00000000 08:01 398128                     /lib/x86_64-linux-gnu/libnss_nis-2.26.so
7f578aa78000-7f578ac77000 ---p 0000b000 08:01 398128                     /lib/x86_64-linux-gnu/libnss_nis-2.26.so
7f578ac77000-7f578ac78000 r--p 0000a000 08:01 398128                     /lib/x86_64-linux-gnu/libnss_nis-2.26.so
7f578ac78000-7f578ac79000 rw-p 0000b000 08:01 398128                     /lib/x86_64-linux-gnu/libnss_nis-2.26.so
7f578ac79000-7f578ac90000 r-xp 00000000 08:01 398111                     /lib/x86_64-linux-gnu/libnsl-2.26.so
7f578ac90000-7f578ae8f000 ---p 00017000 08:01 398111                     /lib/x86_64-linux-gnu/libnsl-2.26.so
7f578ae8f000-7f578ae90000 r--p 00016000 08:01 398111                     /lib/x86_64-linux-gnu/libnsl-2.26.so
7f578ae90000-7f578ae91000 rw-p 00017000 08:01 398111                     /lib/x86_64-linux-gnu/libnsl-2.26.so
7f578ae91000-7f578ae93000 rw-p 00000000 00:00 0 
7f578ae93000-7f578ae9b000 r-xp 00000000 08:01 398113                     /lib/x86_64-linux-gnu/libnss_compat-2.26.so
7f578ae9b000-7f578b09a000 ---p 00008000 08:01 398113                     /lib/x86_64-linux-gnu/libnss_compat-2.26.so
7f578b09a000-7f578b09b000 r--p 00007000 08:01 398113                     /lib/x86_64-linux-gnu/libnss_compat-2.26.so
7f578b09b000-7f578b09c000 rw-p 00008000 08:01 398113                     /lib/x86_64-linux-gnu/libnss_compat-2.26.so
7f578b09c000-7f578b0c9000 r-xp 00000000 08:01 806951                     /usr/lib/jvm/java-8-openjdk-amd64/jre/lib/amd64/libjava.so
7f578b0c9000-7f578b2c9000 ---p 0002d000 08:01 806951                     /usr/lib/jvm/java-8-openjdk-amd64/jre/lib/amd64/libjava.so
7f578b2c9000-7f578b2ca000 r--p 0002d000 08:01 806951                     /usr/lib/jvm/java-8-openjdk-amd64/jre/lib/amd64/libjava.so
7f578b2ca000-7f578b2cc000 rw-p 0002e000 08:01 806951                     /usr/lib/jvm/java-8-openjdk-amd64/jre/lib/amd64/libjava.so
7f578b2cc000-7f578b2dc000 r-xp 00000000 08:01 806969                     /usr/lib/jvm/java-8-openjdk-amd64/jre/lib/amd64/libverify.so
7f578b2dc000-7f578b4db000 ---p 00010000 08:01 806969                     /usr/lib/jvm/java-8-openjdk-amd64/jre/lib/amd64/libverify.so
7f578b4db000-7f578b4dd000 r--p 0000f000 08:01 806969                     /usr/lib/jvm/java-8-openjdk-amd64/jre/lib/amd64/libverify.so
7f578b4dd000-7f578b4de000 rw-p 00011000 08:01 806969                     /usr/lib/jvm/java-8-openjdk-amd64/jre/lib/amd64/libverify.so
7f578b4de000-7f578b4e5000 r-xp 00000000 08:01 398171                     /lib/x86_64-linux-gnu/librt-2.26.so
7f578b4e5000-7f578b6e4000 ---p 00007000 08:01 398171                     /lib/x86_64-linux-gnu/librt-2.26.so
7f578b6e4000-7f578b6e5000 r--p 00006000 08:01 398171                     /lib/x86_64-linux-gnu/librt-2.26.so
7f578b6e5000-7f578b6e6000 rw-p 00007000 08:01 398171                     /lib/x86_64-linux-gnu/librt-2.26.so
7f578b6e6000-7f578b6fc000 r-xp 00000000 08:01 398062                     /lib/x86_64-linux-gnu/libgcc_s.so.1
7f578b6fc000-7f578b8fb000 ---p 00016000 08:01 398062                     /lib/x86_64-linux-gnu/libgcc_s.so.1
7f578b8fb000-7f578b8fc000 r--p 00015000 08:01 398062                     /lib/x86_64-linux-gnu/libgcc_s.so.1
7f578b8fc000-7f578b8fd000 rw-p 00016000 08:01 398062                     /lib/x86_64-linux-gnu/libgcc_s.so.1
7f578b8fd000-7f578ba52000 r-xp 00000000 08:01 398090                     /lib/x86_64-linux-gnu/libm-2.26.so
7f578ba52000-7f578bc51000 ---p 00155000 08:01 398090                     /lib/x86_64-linux-gnu/libm-2.26.so
7f578bc51000-7f578bc52000 r--p 00154000 08:01 398090                     /lib/x86_64-linux-gnu/libm-2.26.so
7f578bc52000-7f578bc53000 rw-p 00155000 08:01 398090                     /lib/x86_64-linux-gnu/libm-2.26.so
7f578bc53000-7f578bdcb000 r-xp 00000000 08:01 796422                     /usr/lib/x86_64-linux-gnu/libstdc++.so.6.0.24
7f578bdcb000-7f578bfca000 ---p 00178000 08:01 796422                     /usr/lib/x86_64-linux-gnu/libstdc++.so.6.0.24
7f578bfca000-7f578bfd4000 r--p 00177000 08:01 796422                     /usr/lib/x86_64-linux-gnu/libstdc++.so.6.0.24
7f578bfd4000-7f578bfd6000 rw-p 00181000 08:01 796422                     /usr/lib/x86_64-linux-gnu/libstdc++.so.6.0.24
7f578bfd6000-7f578bfd9000 rw-p 00000000 00:00 0 
7f578bfd9000-7f578cc63000 r-xp 00000000 08:01 806973                     /usr/lib/jvm/java-8-openjdk-amd64/jre/lib/amd64/server/libjvm.so
7f578cc63000-7f578ce63000 ---p 00c8a000 08:01 806973                     /usr/lib/jvm/java-8-openjdk-amd64/jre/lib/amd64/server/libjvm.so
7f578ce63000-7f578cef6000 r--p 00c8a000 08:01 806973                     /usr/lib/jvm/java-8-openjdk-amd64/jre/lib/amd64/server/libjvm.so
7f578cef6000-7f578cf1e000 rw-p 00d1d000 08:01 806973                     /usr/lib/jvm/java-8-openjdk-amd64/jre/lib/amd64/server/libjvm.so
7f578cf1e000-7f578cf4f000 rw-p 00000000 00:00 0 
7f578cf4f000-7f578cf69000 r-xp 00000000 08:01 398163                     /lib/x86_64-linux-gnu/libpthread-2.26.so
7f578cf69000-7f578d168000 ---p 0001a000 08:01 398163                     /lib/x86_64-linux-gnu/libpthread-2.26.so
7f578d168000-7f578d169000 r--p 00019000 08:01 398163                     /lib/x86_64-linux-gnu/libpthread-2.26.so
7f578d169000-7f578d16a000 rw-p 0001a000 08:01 398163                     /lib/x86_64-linux-gnu/libpthread-2.26.so
7f578d16a000-7f578d16e000 rw-p 00000000 00:00 0 
7f578d16e000-7f578d171000 r-xp 00000000 08:01 398048                     /lib/x86_64-linux-gnu/libdl-2.26.so
7f578d171000-7f578d370000 ---p 00003000 08:01 398048                     /lib/x86_64-linux-gnu/libdl-2.26.so
7f578d370000-7f578d371000 r--p 00002000 08:01 398048                     /lib/x86_64-linux-gnu/libdl-2.26.so
7f578d371000-7f578d372000 rw-p 00003000 08:01 398048                     /lib/x86_64-linux-gnu/libdl-2.26.so
7f578d372000-7f578d38e000 r-xp 00000000 08:01 398203                     /lib/x86_64-linux-gnu/libz.so.1.2.11
7f578d38e000-7f578d58d000 ---p 0001c000 08:01 398203                     /lib/x86_64-linux-gnu/libz.so.1.2.11
7f578d58d000-7f578d58e000 r--p 0001b000 08:01 398203                     /lib/x86_64-linux-gnu/libz.so.1.2.11
7f578d58e000-7f578d58f000 rw-p 0001c000 08:01 398203                     /lib/x86_64-linux-gnu/libz.so.1.2.11
7f578d58f000-7f578d765000 r-xp 00000000 08:01 398024                     /lib/x86_64-linux-gnu/libc-2.26.so
7f578d765000-7f578d965000 ---p 001d6000 08:01 398024                     /lib/x86_64-linux-gnu/libc-2.26.so
7f578d965000-7f578d969000 r--p 001d6000 08:01 398024                     /lib/x86_64-linux-gnu/libc-2.26.so
7f578d969000-7f578d96b000 rw-p 001da000 08:01 398024                     /lib/x86_64-linux-gnu/libc-2.26.so
7f578d96b000-7f578d96f000 rw-p 00000000 00:00 0 
7f578d96f000-7f578d97d000 r-xp 00000000 08:01 806937                     /usr/lib/jvm/java-8-openjdk-amd64/jre/lib/amd64/jli/libjli.so
7f578d97d000-7f578db7c000 ---p 0000e000 08:01 806937                     /usr/lib/jvm/java-8-openjdk-amd64/jre/lib/amd64/jli/libjli.so
7f578db7c000-7f578db7d000 r--p 0000d000 08:01 806937                     /usr/lib/jvm/java-8-openjdk-amd64/jre/lib/amd64/jli/libjli.so
7f578db7d000-7f578db7e000 rw-p 0000e000 08:01 806937                     /usr/lib/jvm/java-8-openjdk-amd64/jre/lib/amd64/jli/libjli.so
7f578db7e000-7f578dba5000 r-xp 00000000 08:01 397996                     /lib/x86_64-linux-gnu/ld-2.26.so
7f578dba5000-7f578dba6000 r--s 0000a000 08:01 806987                     /usr/lib/jvm/java-8-openjdk-amd64/jre/lib/ext/jaccess.jar
7f578dba6000-7f578dbaa000 r--s 00037000 08:01 806992                     /usr/lib/jvm/java-8-openjdk-amd64/jre/lib/ext/sunpkcs11.jar
7f578dbaa000-7f578dbb0000 r--s 0003a000 08:01 806991                     /usr/lib/jvm/java-8-openjdk-amd64/jre/lib/ext/sunjce_provider.jar
7f578dbb0000-7f578dc87000 rw-p 00000000 00:00 0 
7f578dc87000-7f578dc8a000 ---p 00000000 00:00 0 
7f578dc8a000-7f578dd8d000 rw-p 00000000 00:00 0 
7f578dd8d000-7f578dd8e000 r--s 00010000 08:01 806993                     /usr/lib/jvm/java-8-openjdk-amd64/jre/lib/ext/zipfs.jar
7f578dd8e000-7f578dd98000 r--s 00116000 08:01 806988                     /usr/lib/jvm/java-8-openjdk-amd64/jre/lib/ext/localedata.jar
7f578dd98000-7f578dda0000 rw-s 00000000 08:01 1320926                    /tmp/hsperfdata_alex/16687
7f578dda0000-7f578dda1000 rw-p 00000000 00:00 0 
7f578dda1000-7f578dda2000 ---p 00000000 00:00 0 
7f578dda2000-7f578dda5000 rw-p 00000000 00:00 0 
7f578dda5000-7f578dda6000 r--p 00027000 08:01 397996                     /lib/x86_64-linux-gnu/ld-2.26.so
7f578dda6000-7f578dda7000 rw-p 00028000 08:01 397996                     /lib/x86_64-linux-gnu/ld-2.26.so
7f578dda7000-7f578dda8000 rw-p 00000000 00:00 0 
7ffe3926b000-7ffe3928d000 rw-p 00000000 00:00 0                          [stack]
7ffe393aa000-7ffe393ad000 r--p 00000000 00:00 0                          [vvar]
7ffe393ad000-7ffe393af000 r-xp 00000000 00:00 0                          [vdso]
ffffffffff600000-ffffffffff601000 r-xp 00000000 00:00 0                  [vsyscall]

VM Arguments:
jvm_args: -Dant.home=/home/alex/eclipse/plugins/org.apache.ant_1.10.1.v20170504-0840 -Dant.library.dir=/home/alex/eclipse/plugins/org.apache.ant_1.10.1.v20170504-0840/lib -Djava.library.path=/usr/java/packages/lib/amd64:/usr/lib/x86_64-linux-gnu/jni:/lib/x86_64-linux-gnu:/usr/lib/x86_64-linux-gnu:/usr/lib/jni:/lib:/usr/lib:/home/alex/eclipse/configuration/org.eclipse.osgi/406/0/.cp -Dfile.encoding=UTF-8 
java_command: org.eclipse.ant.internal.launching.remote.InternalAntRunner -Dorg.eclipse.ant.core.ANT_PROCESS_ID=1515968496136 -Declipse.connect.port=40205 -Dant.home=/home/alex/eclipse/plugins/org.apache.ant_1.10.1.v20170504-0840 -logger org.eclipse.ant.internal.launching.remote.logger.RemoteAntBuildLogger -inputhandler org.eclipse.ant.internal.ui.antsupport.inputhandler.ProxyInputHandler -buildfile /home/alex/team-2449/robot-code-2018/build.xml
java_class_path (initial): /usr/lib/jvm/java-8-openjdk-amd64/jre/lib/resources.jar:/usr/lib/jvm/java-8-openjdk-amd64/jre/lib/rt.jar:/usr/lib/jvm/java-8-openjdk-amd64/jre/lib/jsse.jar:/usr/lib/jvm/java-8-openjdk-amd64/jre/lib/jce.jar:/usr/lib/jvm/java-8-openjdk-amd64/jre/lib/charsets.jar:/usr/lib/jvm/java-8-openjdk-amd64/jre/lib/ext/localedata.jar:/usr/lib/jvm/java-8-openjdk-amd64/jre/lib/ext/zipfs.jar:/usr/lib/jvm/java-8-openjdk-amd64/jre/lib/ext/sunjce_provider.jar:/usr/lib/jvm/java-8-openjdk-amd64/jre/lib/ext/nashorn.jar:/usr/lib/jvm/java-8-openjdk-amd64/jre/lib/ext/sunpkcs11.jar:/usr/lib/jvm/java-8-openjdk-amd64/jre/lib/ext/java-atk-wrapper.jar:/usr/lib/jvm/java-8-openjdk-amd64/jre/lib/ext/sunec.jar:/usr/lib/jvm/java-8-openjdk-amd64/jre/lib/ext/jaccess.jar:/usr/lib/jvm/java-8-openjdk-amd64/jre/lib/ext/cldrdata.jar:/usr/lib/jvm/java-8-openjdk-amd64/jre/lib/ext/dnsns.jar:/usr/lib/jvm/java-8-openjdk-amd64/jre/lib/ext/icedtea-sound.jar:/home/alex/eclipse/plugins/org.apache.ant_1.10.1.v20170504-0840/lib/ant-antlr.jar:/home/alex/eclipse/plugins/org.apache.ant_1.10.1.v20170504-0840/lib/ant-apache-bcel.jar:/home/alex/eclipse/plugins/org.apache.ant_1.10.1.v20170504-0840/lib/ant-apache-bsf.jar:/home/alex/eclipse/plugins/org.apache.ant_1.10.1.v20170504-0840/lib/ant-apache-log4j.jar:/home/alex/eclipse/plugins/org.apache.ant_1.10.1.v20170504-0840/lib/ant-apache-oro.jar:/home/alex/eclipse/plugins/org.apache.ant_1.10.1.v20170504-0840/lib/ant-apache-regexp.jar:/home/alex/eclipse/plugins/org.apache.ant_1.10.1.v20170504-0840/lib/ant-apache-resolver.jar:/home/alex/eclipse/plugins/org.apache.ant_1.10.1.v20170504-0840/lib/ant-apache-xalan2.jar:/home/alex/eclipse/plugins/org.apache.ant_1.10.1.v20170504-0840/lib/ant-commons-logging.jar:/home/alex/eclipse/plugins/org.apache.ant_1.10.1.v20170504-0840/lib/ant-commons-net.jar:/home/alex/eclipse/plugins/org.apache.ant_1.10.1.v20170504-0840/lib/ant-jai.jar:/home/alex/eclipse/plugins/org.apache.ant_1.10.1.v20170504-0840/lib/ant-javamail.jar
Launcher Type: SUN_STANDARD

Environment Variables:
PATH=/usr/local/sbin:/usr/local/bin:/usr/sbin:/usr/bin:/sbin:/bin:/usr/games:/usr/local/games:/snap/bin
USERNAME=alex
SHELL=/bin/bash
DISPLAY=:0

Signal Handlers:
SIGSEGV: [libjvm.so+0xaa6ae0], sa_mask[0]=11111111011111111101111111111110, sa_flags=SA_RESTART|SA_SIGINFO
SIGBUS: [libjvm.so+0xaa6ae0], sa_mask[0]=11111111011111111101111111111110, sa_flags=SA_RESTART|SA_SIGINFO
SIGFPE: [libjvm.so+0x8ddf00], sa_mask[0]=11111111011111111101111111111110, sa_flags=SA_RESTART|SA_SIGINFO
SIGPIPE: [libjvm.so+0x8ddf00], sa_mask[0]=11111111011111111101111111111110, sa_flags=SA_RESTART|SA_SIGINFO
SIGXFSZ: [libjvm.so+0x8ddf00], sa_mask[0]=11111111011111111101111111111110, sa_flags=SA_RESTART|SA_SIGINFO
SIGILL: [libjvm.so+0x8ddf00], sa_mask[0]=11111111011111111101111111111110, sa_flags=SA_RESTART|SA_SIGINFO
SIGUSR1: SIG_DFL, sa_mask[0]=00000000000000000000000000000000, sa_flags=none
SIGUSR2: [libjvm.so+0x8dddb0], sa_mask[0]=00100000000000000000000000000000, sa_flags=SA_RESTART|SA_SIGINFO
SIGHUP: [libjvm.so+0x8de260], sa_mask[0]=11111111011111111101111111111110, sa_flags=SA_RESTART|SA_SIGINFO
SIGINT: [libjvm.so+0x8de260], sa_mask[0]=11111111011111111101111111111110, sa_flags=SA_RESTART|SA_SIGINFO
SIGTERM: [libjvm.so+0x8de260], sa_mask[0]=11111111011111111101111111111110, sa_flags=SA_RESTART|SA_SIGINFO
SIGQUIT: [libjvm.so+0x8de260], sa_mask[0]=11111111011111111101111111111110, sa_flags=SA_RESTART|SA_SIGINFO


---------------  S Y S T E M  ---------------

OS:DISTRIB_ID=Ubuntu
DISTRIB_RELEASE=17.10
DISTRIB_CODENAME=artful
DISTRIB_DESCRIPTION="Ubuntu 17.10"

uname:Linux 4.13.0-25-generic #29-Ubuntu SMP Mon Jan 8 21:14:41 UTC 2018 x86_64
libc:glibc 2.26 NPTL 2.26 
rlimit: STACK 8192k, CORE 0k, NPROC 14191, NOFILE 4096, AS infinity
load average:1.68 0.86 0.57

/proc/meminfo:
MemTotal:        3687052 kB
MemFree:           88348 kB
MemAvailable:       7868 kB
Buffers:             832 kB
Cached:           291436 kB
SwapCached:         5620 kB
Active:          2783668 kB
Inactive:         570440 kB
Active(anon):    2763772 kB
Inactive(anon):   552680 kB
Active(file):      19896 kB
Inactive(file):    17760 kB
Unevictable:         632 kB
Mlocked:             632 kB
SwapTotal:       1450908 kB
SwapFree:              0 kB
Dirty:              1936 kB
Writeback:             0 kB
AnonPages:       3057336 kB
Mapped:           163820 kB
Shmem:            254396 kB
Slab:              90940 kB
SReclaimable:      35724 kB
SUnreclaim:        55216 kB
KernelStack:       15840 kB
PageTables:        81544 kB
NFS_Unstable:          0 kB
Bounce:                0 kB
WritebackTmp:          0 kB
CommitLimit:     3294432 kB
Committed_AS:   11959564 kB
VmallocTotal:   34359738367 kB
VmallocUsed:           0 kB
VmallocChunk:          0 kB
HardwareCorrupted:     0 kB
AnonHugePages:         0 kB
ShmemHugePages:        0 kB
ShmemPmdMapped:        0 kB
CmaTotal:              0 kB
CmaFree:               0 kB
HugePages_Total:       0
HugePages_Free:        0
HugePages_Rsvd:        0
HugePages_Surp:        0
Hugepagesize:       2048 kB
DirectMap4k:      204828 kB
DirectMap2M:     3633152 kB


CPU:total 4 (initial active 4) (2 cores per cpu, 2 threads per core) family 6 model 58 stepping 9, cmov, cx8, fxsr, mmx, sse, sse2, sse3, ssse3, sse4.1, sse4.2, popcnt, avx, aes, clmul, erms, ht, tsc, tscinvbit, tscinv

/proc/cpuinfo:
processor	: 0
vendor_id	: GenuineIntel
cpu family	: 6
model		: 58
model name	: Intel(R) Core(TM) i5-3427U CPU @ 1.80GHz
stepping	: 9
microcode	: 0x1b
cpu MHz		: 2294.774
cache size	: 3072 KB
physical id	: 0
siblings	: 4
core id		: 0
cpu cores	: 2
apicid		: 0
initial apicid	: 0
fpu		: yes
fpu_exception	: yes
cpuid level	: 13
wp		: yes
flags		: fpu vme de pse tsc msr pae mce cx8 apic sep mtrr pge mca cmov pat pse36 clflush dts acpi mmx fxsr sse sse2 ss ht tm pbe syscall nx rdtscp lm constant_tsc arch_perfmon pebs bts rep_good nopl xtopology nonstop_tsc cpuid aperfmperf pni pclmulqdq dtes64 monitor ds_cpl vmx smx est tm2 ssse3 cx16 xtpr pdcm pcid sse4_1 sse4_2 x2apic popcnt tsc_deadline_timer aes xsave avx f16c rdrand lahf_lm cpuid_fault epb pti tpr_shadow vnmi flexpriority ept vpid fsgsbase smep erms xsaveopt dtherm ida arat pln pts
bugs		: cpu_insecure
bogomips	: 4589.54
clflush size	: 64
cache_alignment	: 64
address sizes	: 36 bits physical, 48 bits virtual
power management:

processor	: 1
vendor_id	: GenuineIntel
cpu family	: 6
model		: 58
model name	: Intel(R) Core(TM) i5-3427U CPU @ 1.80GHz
stepping	: 9
microcode	: 0x1b
cpu MHz		: 2294.774
cache size	: 3072 KB
physical id	: 0
siblings	: 4
core id		: 0
cpu cores	: 2
apicid		: 1
initial apicid	: 1
fpu		: yes
fpu_exception	: yes
cpuid level	: 13
wp		: yes
flags		: fpu vme de pse tsc msr pae mce cx8 apic sep mtrr pge mca cmov pat pse36 clflush dts acpi mmx fxsr sse sse2 ss ht tm pbe syscall nx rdtscp lm constant_tsc arch_perfmon pebs bts rep_good nopl xtopology nonstop_tsc cpuid aperfmperf pni pclmulqdq dtes64 monitor ds_cpl vmx smx est tm2 ssse3 cx16 xtpr pdcm pcid sse4_1 sse4_2 x2apic popcnt tsc_deadline_timer aes xsave avx f16c rdrand lahf_lm cpuid_fault epb pti tpr_shadow vnmi flexpriority ept vpid fsgsbase smep erms xsaveopt dtherm ida arat pln pts
bugs		: cpu_insecure
bogomips	: 4589.54
clflush size	: 64
cache_alignment	: 64
address sizes	: 36 bits physical, 48 bits virtual
power management:

processor	: 2
vendor_id	: GenuineIntel
cpu family	: 6
model		: 58
model name	: Intel(R) Core(TM) i5-3427U CPU @ 1.80GHz
stepping	: 9
microcode	: 0x1b
cpu MHz		: 2294.774
cache size	: 3072 KB
physical id	: 0
siblings	: 4
core id		: 1
cpu cores	: 2
apicid		: 2
initial apicid	: 2
fpu		: yes
fpu_exception	: yes
cpuid level	: 13
wp		: yes
flags		: fpu vme de pse tsc msr pae mce cx8 apic sep mtrr pge mca cmov pat pse36 clflush dts acpi mmx fxsr sse sse2 ss ht tm pbe syscall nx rdtscp lm constant_tsc arch_perfmon pebs bts rep_good nopl xtopology nonstop_tsc cpuid aperfmperf pni pclmulqdq dtes64 monitor ds_cpl vmx smx est tm2 ssse3 cx16 xtpr pdcm pcid sse4_1 sse4_2 x2apic popcnt tsc_deadline_timer aes xsave avx f16c rdrand lahf_lm cpuid_fault epb pti tpr_shadow vnmi flexpriority ept vpid fsgsbase smep erms xsaveopt dtherm ida arat pln pts
bugs		: cpu_insecure
bogomips	: 4589.54
clflush size	: 64
cache_alignment	: 64
address sizes	: 36 bits physical, 48 bits virtual
power management:

processor	: 3
vendor_id	: GenuineIntel
cpu family	: 6
model		: 58
model name	: Intel(R) Core(TM) i5-3427U CPU @ 1.80GHz
stepping	: 9
microcode	: 0x1b
cpu MHz		: 2294.774
cache size	: 3072 KB
physical id	: 0
siblings	: 4
core id		: 1
cpu cores	: 2
apicid		: 3
initial apicid	: 3
fpu		: yes
fpu_exception	: yes
cpuid level	: 13
wp		: yes
flags		: fpu vme de pse tsc msr pae mce cx8 apic sep mtrr pge mca cmov pat pse36 clflush dts acpi mmx fxsr sse sse2 ss ht tm pbe syscall nx rdtscp lm constant_tsc arch_perfmon pebs bts rep_good nopl xtopology nonstop_tsc cpuid aperfmperf pni pclmulqdq dtes64 monitor ds_cpl vmx smx est tm2 ssse3 cx16 xtpr pdcm pcid sse4_1 sse4_2 x2apic popcnt tsc_deadline_timer aes xsave avx f16c rdrand lahf_lm cpuid_fault epb pti tpr_shadow vnmi flexpriority ept vpid fsgsbase smep erms xsaveopt dtherm ida arat pln pts
bugs		: cpu_insecure
bogomips	: 4589.54
clflush size	: 64
cache_alignment	: 64
address sizes	: 36 bits physical, 48 bits virtual
power management:



Memory: 4k page, physical 3687052k(88728k free), swap 1450908k(0k free)

vm_info: OpenJDK 64-Bit Server VM (25.151-b12) for linux-amd64 JRE (1.8.0_151-8u151-b12-0ubuntu0.17.10.2-b12), built on Oct 23 2017 22:43:02 by "buildd" with gcc 7.2.0

time: Sun Jan 14 15:21:38 2018
elapsed time: 2 seconds (0d 0h 0m 2s)

